(node:88534) [DEP0040] DeprecationWarning: The `punycode` module is deprecated. Please use a userland alternative instead.
(Use `node --trace-deprecation ...` to show where the warning was created)
TeamDrive: scrape successful
TeamDrive: download successful
TeamDrive: dmgInstallFile successful
TeamDrive: appPath successful
TeamDrive: appBundleIdentifier successful
TeamDrive: appPath successful
TeamDrive: appCodeRequirement successful
TeamDrive: appPath successful
TeamDrive: appVersion successful
TeamDrive: appHelperInfo successful
TeamDrive: appRename successful
TeamDrive: pkgCreate successful
TeamDrive: pkgChecksum successful
TeamDrive: pkgHelperInfo new checksum available
TeamDrive: pkgSigned successful
TeamDrive: pkgFinalize successful
TeamDrive: fileDelete successful
TeamDrive: fileDelete successful
TeamDrive: updateHandlerDmgApp update available
TeamDrive: updateHandlerScrape update available
updated "config-apps.yaml"
updates published to "updates.yaml"
TeamDrive: uploadPkg successful
updates: mail notification sent
